C:\USERS\USER\DOCUMENTS\VISUAL STUDIO 2012\PROJECTS\OPENGL1\OPENGL1\RELEASE\MAIN.OBJ
C:\USERS\USER\DOCUMENTS\VISUAL STUDIO 2012\PROJECTS\OPENGL1\OPENGL1\RELEASE\LOAD_3DS.OBJ
C:\USERS\USER\DOCUMENTS\VISUAL STUDIO 2012\PROJECTS\OPENGL1\OPENGL1\RELEASE\LOAD_BMP.OBJ
C:\USERS\USER\DOCUMENTS\VISUAL STUDIO 2012\PROJECTS\OPENGL1\OPENGL1\RELEASE\VC110.PDB
C:\USERS\USER\DOCUMENTS\VISUAL STUDIO 2012\PROJECTS\OPENGL1\RELEASE\OPENGL1.EXE
c:\Users\User\documents\visual studio 2012\Projects\OpenGL1\OpenGL1\Release\load_3ds.obj
c:\Users\User\documents\visual studio 2012\Projects\OpenGL1\OpenGL1\Release\load_bmp.obj
c:\Users\User\documents\visual studio 2012\Projects\OpenGL1\OpenGL1\Release\Main.obj
c:\Users\User\documents\visual studio 2012\Projects\OpenGL1\OpenGL1\Release\cl.command.1.tlog
c:\Users\User\documents\visual studio 2012\Projects\OpenGL1\OpenGL1\Release\CL.read.1.tlog
c:\Users\User\documents\visual studio 2012\Projects\OpenGL1\OpenGL1\Release\CL.write.1.tlog
c:\Users\User\documents\visual studio 2012\Projects\OpenGL1\OpenGL1\Release\link-cvtres.read.1.tlog
c:\Users\User\documents\visual studio 2012\Projects\OpenGL1\OpenGL1\Release\link-cvtres.write.1.tlog
c:\Users\User\documents\visual studio 2012\Projects\OpenGL1\OpenGL1\Release\link-rc.read.1.tlog
c:\Users\User\documents\visual studio 2012\Projects\OpenGL1\OpenGL1\Release\link-rc.write.1.tlog
c:\Users\User\documents\visual studio 2012\Projects\OpenGL1\OpenGL1\Release\link.command.1.tlog
c:\Users\User\documents\visual studio 2012\Projects\OpenGL1\OpenGL1\Release\link.read.1.tlog
c:\Users\User\documents\visual studio 2012\Projects\OpenGL1\OpenGL1\Release\link.write.1.tlog
c:\Users\User\documents\visual studio 2012\Projects\OpenGL1\OpenGL1\Release\vc110.pdb
c:\users\user\documents\visual studio 2012\Projects\OpenGL1\Release\OpenGL1.exe
